<?xml version="1.0" encoding="UTF-8"?>
<!-- Generated by org.testng.reporters.JUnitReportReporter -->
<testsuite skipped="0" hostname="VigneshBaskaran"
	name="Test.SearchBooksTest" tests="1" failures="0"
	timestamp="04 Aug 2018 08:19:34 GMT" time="350.172" errors="0">
	<testcase name="SearchBooksTest" time="350.172"
		classname="Test.SearchBooksTest" />
</testsuite> <!-- Test.SearchBooksTest -->
